<?xml version="1.0" encoding="UTF-8"?>
<testng-results ignored="0" total="3" passed="3" failed="0" skipped="0">
  <reporter-output>
  </reporter-output>
  <suite started-at="2024-08-11T05:39:10 BDT" name="Default suite" finished-at="2024-08-11T05:39:11 BDT" duration-ms="552">
    <groups>
    </groups>
    <test started-at="2024-08-11T05:39:10 BDT" name="Default test" finished-at="2024-08-11T05:39:11 BDT" duration-ms="552">
      <class name="excelDataTest.T01_dataProviderExcel">
        <test-method signature="testCaseData(java.lang.String,java.lang.String,java.lang.String)[pri:0, instance:excelDataTest.T01_dataProviderExcel@5167f57d]" started-at="2024-08-11T05:39:11 BDT" name="testCaseData" data-provider="driveTest" finished-at="2024-08-11T05:39:11 BDT" duration-ms="8" status="PASS">
          <params>
            <param index="0">
              <value>
                <![CDATA[hello]]>
              </value>
            </param>
            <param index="1">
              <value>
                <![CDATA[text]]>
              </value>
            </param>
            <param index="2">
              <value>
                <![CDATA[131]]>
              </value>
            </param>
          </params>
          <reporter-output>
          </reporter-output>
        </test-method> <!-- testCaseData -->
        <test-method signature="testCaseData(java.lang.String,java.lang.String,java.lang.String)[pri:0, instance:excelDataTest.T01_dataProviderExcel@5167f57d]" started-at="2024-08-11T05:39:11 BDT" name="testCaseData" data-provider="driveTest" finished-at="2024-08-11T05:39:11 BDT" duration-ms="2" status="PASS">
          <params>
            <param index="0">
              <value>
                <![CDATA[bye]]>
              </value>
            </param>
            <param index="1">
              <value>
                <![CDATA[message]]>
              </value>
            </param>
            <param index="2">
              <value>
                <![CDATA[431]]>
              </value>
            </param>
          </params>
          <reporter-output>
          </reporter-output>
        </test-method> <!-- testCaseData -->
        <test-method signature="testCaseData(java.lang.String,java.lang.String,java.lang.String)[pri:0, instance:excelDataTest.T01_dataProviderExcel@5167f57d]" started-at="2024-08-11T05:39:11 BDT" name="testCaseData" data-provider="driveTest" finished-at="2024-08-11T05:39:11 BDT" duration-ms="2" status="PASS">
          <params>
            <param index="0">
              <value>
                <![CDATA[solo]]>
              </value>
            </param>
            <param index="1">
              <value>
                <![CDATA[call]]>
              </value>
            </param>
            <param index="2">
              <value>
                <![CDATA[435]]>
              </value>
            </param>
          </params>
          <reporter-output>
          </reporter-output>
        </test-method> <!-- testCaseData -->
      </class> <!-- excelDataTest.T01_dataProviderExcel -->
    </test> <!-- Default test -->
  </suite> <!-- Default suite -->
</testng-results>
