<?xml version="1.0" encoding="UTF-8"?>
<!-- Generated by org.testng.reporters.JUnitXMLReporter -->
<testsuite ignored="0" hostname="DESKTOP-VB8ALPU" failures="0" tests="2" name="Create Account Submit Order Test" time="182.81" errors="0" timestamp="2024-09-23T02:59:55 BDT">
  <testcase classname="tests.TC001_CreateAccountSubmitOrderTest" name="CreateAccount" time="77.522"/>
  <testcase classname="tests.TC001_CreateAccountSubmitOrderTest" name="CreateAccount" time="76.225"/>
</testsuite> <!-- Create Account Submit Order Test -->
