<?xml version="1.0" encoding="UTF-8"?>
<!-- Generated by org.testng.reporters.JUnitXMLReporter -->
<testsuite ignored="0" hostname="DESKTOP-VB8ALPU" failures="0" tests="6" name="LoginSubmitOrderTest" time="0.038" errors="0" timestamp="2024-09-22T22:38:44 BDT">
  <testcase classname="tests.TC001_LogInTest" name="AddProductToCartLogin" time="0.0">
    <skipped/>
  </testcase> <!-- AddProductToCartLogin -->
  <testcase classname="tests.TC001_LogInTest" name="CheckoutProductLogin" time="0.0">
    <skipped/>
  </testcase> <!-- CheckoutProductLogin -->
  <testcase classname="tests.TC001_LogInTest" name="CheckoutProductLogin" time="0.0">
    <skipped/>
  </testcase> <!-- CheckoutProductLogin -->
  <testcase classname="tests.TC001_LogInTest" name="OrderConfirmationLogin" time="0.0">
    <skipped/>
  </testcase> <!-- OrderConfirmationLogin -->
  <testcase classname="tests.TC001_LogInTest" name="loginSubmitOrder" time="0.0">
    <skipped/>
  </testcase> <!-- loginSubmitOrder -->
  <testcase classname="tests.TC001_LogInTest" name="loginSubmitOrder" time="0.0">
    <skipped/>
  </testcase> <!-- loginSubmitOrder -->
</testsuite> <!-- LoginSubmitOrderTest -->
