<?xml version="1.0" encoding="UTF-8"?>
<!-- Generated by org.testng.reporters.JUnitXMLReporter -->
<testsuite ignored="0" hostname="DESKTOP-VB8ALPU" failures="0" tests="2" name="LogIn Submit Order Test" time="140.854" errors="0" timestamp="2024-09-23T02:59:14 BDT">
  <testcase classname="tests.TC002_LogInSubmitOrderTest" name="loginSubmitOrder" time="55.495"/>
  <testcase classname="tests.TC002_LogInSubmitOrderTest" name="loginSubmitOrder" time="63.585"/>
</testsuite> <!-- LogIn Submit Order Test -->
