<?xml version="1.0" encoding="UTF-8"?>
<!-- Generated by org.testng.reporters.JUnitXMLReporter -->
<testsuite ignored="0" hostname="DESKTOP-VB8ALPU" failures="0" tests="3" name="Default test" time="0.518" errors="0" timestamp="2024-08-11T05:46:57 BDT">
  <testcase classname="excelDataTest.T01_dataProviderExcel" name="testCaseData" time="0.009"/>
  <testcase classname="excelDataTest.T01_dataProviderExcel" name="testCaseData" time="0.001"/>
  <testcase classname="excelDataTest.T01_dataProviderExcel" name="testCaseData" time="0.001"/>
</testsuite> <!-- Default test -->
